Performing C SOURCE FILE Test CMAKE_HAVE_LIBC_PTHREAD failed with the following output:
Change Dir: /home/robocomp/robocomp/components/beta-robotica-class/RoboticaAvanzada/camera_rot/CMakeFiles/CMakeTmp

Run Build Command(s):/usr/bin/make -f Makefile cmTC_68088/fast && /usr/bin/make  -f CMakeFiles/cmTC_68088.dir/build.make CMakeFiles/cmTC_68088.dir/build
make[1]: se entra en el directorio '/home/alumno/robocomp/components/beta-robotica-class/RoboticaAvanzada/camera_rot/CMakeFiles/CMakeTmp'
Building C object CMakeFiles/cmTC_68088.dir/src.c.o
/usr/bin/cc -DCMAKE_HAVE_LIBC_PTHREAD   -o CMakeFiles/cmTC_68088.dir/src.c.o -c /home/robocomp/robocomp/components/beta-robotica-class/RoboticaAvanzada/camera_rot/CMakeFiles/CMakeTmp/src.c
Linking C executable cmTC_68088
/snap/clion/189/bin/cmake/linux/bin/cmake -E cmake_link_script CMakeFiles/cmTC_68088.dir/link.txt --verbose=1
/usr/bin/cc CMakeFiles/cmTC_68088.dir/src.c.o -o cmTC_68088 
/usr/bin/ld: CMakeFiles/cmTC_68088.dir/src.c.o: en la funci√≥n `main':
src.c:(.text+0x46): referencia a `pthread_create' sin definir
/usr/bin/ld: src.c:(.text+0x52): referencia a `pthread_detach' sin definir
/usr/bin/ld: src.c:(.text+0x5e): referencia a `pthread_cancel' sin definir
/usr/bin/ld: src.c:(.text+0x6f): referencia a `pthread_join' sin definir
collect2: error: ld returned 1 exit status
make[1]: *** [CMakeFiles/cmTC_68088.dir/build.make:99: cmTC_68088] Error 1
make[1]: se sale del directorio '/home/alumno/robocomp/components/beta-robotica-class/RoboticaAvanzada/camera_rot/CMakeFiles/CMakeTmp'
make: *** [Makefile:127: cmTC_68088/fast] Error 2


Source file was:
#include <pthread.h>

static void* test_func(void* data)
{
  return data;
}

int main(void)
{
  pthread_t thread;
  pthread_create(&thread, NULL, test_func, NULL);
  pthread_detach(thread);
  pthread_cancel(thread);
  pthread_join(thread, NULL);
  pthread_atfork(NULL, NULL, NULL);
  pthread_exit(NULL);

  return 0;
}

Determining if the function pthread_create exists in the pthreads failed with the following output:
Change Dir: /home/robocomp/robocomp/components/beta-robotica-class/RoboticaAvanzada/camera_rot/CMakeFiles/CMakeTmp

Run Build Command(s):/usr/bin/make -f Makefile cmTC_9c4af/fast && /usr/bin/make  -f CMakeFiles/cmTC_9c4af.dir/build.make CMakeFiles/cmTC_9c4af.dir/build
make[1]: se entra en el directorio '/home/alumno/robocomp/components/beta-robotica-class/RoboticaAvanzada/camera_rot/CMakeFiles/CMakeTmp'
Building C object CMakeFiles/cmTC_9c4af.dir/CheckFunctionExists.c.o
/usr/bin/cc   -DCHECK_FUNCTION_EXISTS=pthread_create -o CMakeFiles/cmTC_9c4af.dir/CheckFunctionExists.c.o -c /snap/clion/189/bin/cmake/linux/share/cmake-3.22/Modules/CheckFunctionExists.c
Linking C executable cmTC_9c4af
/snap/clion/189/bin/cmake/linux/bin/cmake -E cmake_link_script CMakeFiles/cmTC_9c4af.dir/link.txt --verbose=1
/usr/bin/cc  -DCHECK_FUNCTION_EXISTS=pthread_create CMakeFiles/cmTC_9c4af.dir/CheckFunctionExists.c.o -o cmTC_9c4af  -lpthreads 
/usr/bin/ld: no se puede encontrar -lpthreads
collect2: error: ld returned 1 exit status
make[1]: *** [CMakeFiles/cmTC_9c4af.dir/build.make:99: cmTC_9c4af] Error 1
make[1]: se sale del directorio '/home/alumno/robocomp/components/beta-robotica-class/RoboticaAvanzada/camera_rot/CMakeFiles/CMakeTmp'
make: *** [Makefile:127: cmTC_9c4af/fast] Error 2



